<?xml version="1.0" encoding="UTF-8"?>
<testng-results ignored="0" total="1" passed="1" failed="0" skipped="0">
  <reporter-output>
  </reporter-output>
  <suite started-at="2023-05-04T16:39:37 IST" name="Default suite" finished-at="2023-05-04T16:39:54 IST" duration-ms="17091">
    <groups>
    </groups>
    <test started-at="2023-05-04T16:39:37 IST" name="Default test" finished-at="2023-05-04T16:39:54 IST" duration-ms="17091">
      <class name="ca1.ca1">
        <test-method is-config="true" signature="openall()[pri:0, instance:ca1.ca1@41d477ed]" started-at="2023-05-04T16:39:37 IST" name="openall" finished-at="2023-05-04T16:39:37 IST" duration-ms="511" status="PASS">
          <reporter-output>
          </reporter-output>
        </test-method> <!-- openall -->
        <test-method signature="search()[pri:0, instance:ca1.ca1@41d477ed]" started-at="2023-05-04T16:39:37 IST" name="search" finished-at="2023-05-04T16:39:54 IST" duration-ms="17057" status="PASS">
          <reporter-output>
          </reporter-output>
        </test-method> <!-- search -->
      </class> <!-- ca1.ca1 -->
    </test> <!-- Default test -->
  </suite> <!-- Default suite -->
</testng-results>
