<?xml version="1.0" encoding="UTF-8"?>
<testng-results ignored="0" total="1" passed="1" failed="0" skipped="0">
  <reporter-output>
  </reporter-output>
  <suite started-at="2023-05-02T14:31:25 IST" name="Suite" finished-at="2023-05-02T14:31:50 IST" duration-ms="24854">
    <groups>
    </groups>
    <test started-at="2023-05-02T14:31:25 IST" name="Test" finished-at="2023-05-02T14:31:50 IST" duration-ms="24854">
      <class name="day9.Task4">
        <test-method is-config="true" signature="set()[pri:0, instance:day9.Task4@223191a6]" started-at="2023-05-02T14:31:25 IST" name="set" finished-at="2023-05-02T14:31:41 IST" duration-ms="15858" status="PASS">
          <reporter-output>
          </reporter-output>
        </test-method> <!-- set -->
        <test-method signature="Case1()[pri:0, instance:day9.Task4@223191a6]" started-at="2023-05-02T14:31:41 IST" name="Case1" finished-at="2023-05-02T14:31:50 IST" duration-ms="8480" status="PASS">
          <reporter-output>
          </reporter-output>
        </test-method> <!-- Case1 -->
        <test-method is-config="true" signature="teardown()[pri:0, instance:day9.Task4@223191a6]" started-at="2023-05-02T14:31:50 IST" name="teardown" finished-at="2023-05-02T14:31:50 IST" duration-ms="484" status="PASS">
          <reporter-output>
          </reporter-output>
        </test-method> <!-- teardown -->
      </class> <!-- day9.Task4 -->
    </test> <!-- Test -->
  </suite> <!-- Suite -->
</testng-results>
